C:\PWNEE\PORT\CLOUDBERRY KINGDOM\GLFW-2.7.6\SUPPORT\MSVC100\RELEASE\GLFW.LIB
C:\Pwnee\Port\Cloudberry Kingdom\glfw-2.7.6\support\msvc100\ReleaseStatic\cl.command.1.tlog
C:\Pwnee\Port\Cloudberry Kingdom\glfw-2.7.6\support\msvc100\ReleaseStatic\CL.read.1.tlog
C:\Pwnee\Port\Cloudberry Kingdom\glfw-2.7.6\support\msvc100\ReleaseStatic\CL.write.1.tlog
C:\PWNEE\PORT\CLOUDBERRY KINGDOM\GLFW-2.7.6\SUPPORT\MSVC100\RELEASESTATIC\ENABLE.OBJ
C:\PWNEE\PORT\CLOUDBERRY KINGDOM\GLFW-2.7.6\SUPPORT\MSVC100\RELEASESTATIC\FULLSCREEN.OBJ
C:\PWNEE\PORT\CLOUDBERRY KINGDOM\GLFW-2.7.6\SUPPORT\MSVC100\RELEASESTATIC\GLEXT.OBJ
C:\PWNEE\PORT\CLOUDBERRY KINGDOM\GLFW-2.7.6\SUPPORT\MSVC100\RELEASESTATIC\IMAGE.OBJ
C:\PWNEE\PORT\CLOUDBERRY KINGDOM\GLFW-2.7.6\SUPPORT\MSVC100\RELEASESTATIC\INIT.OBJ
C:\PWNEE\PORT\CLOUDBERRY KINGDOM\GLFW-2.7.6\SUPPORT\MSVC100\RELEASESTATIC\INPUT.OBJ
C:\PWNEE\PORT\CLOUDBERRY KINGDOM\GLFW-2.7.6\SUPPORT\MSVC100\RELEASESTATIC\JOYSTICK.OBJ
C:\Pwnee\Port\Cloudberry Kingdom\glfw-2.7.6\support\msvc100\ReleaseStatic\lib.command.1.tlog
C:\Pwnee\Port\Cloudberry Kingdom\glfw-2.7.6\support\msvc100\ReleaseStatic\Lib-link.read.1.tlog
C:\Pwnee\Port\Cloudberry Kingdom\glfw-2.7.6\support\msvc100\ReleaseStatic\Lib-link.write.1.tlog
C:\PWNEE\PORT\CLOUDBERRY KINGDOM\GLFW-2.7.6\SUPPORT\MSVC100\RELEASESTATIC\STREAM.OBJ
C:\PWNEE\PORT\CLOUDBERRY KINGDOM\GLFW-2.7.6\SUPPORT\MSVC100\RELEASESTATIC\TGA.OBJ
C:\PWNEE\PORT\CLOUDBERRY KINGDOM\GLFW-2.7.6\SUPPORT\MSVC100\RELEASESTATIC\THREAD.OBJ
C:\PWNEE\PORT\CLOUDBERRY KINGDOM\GLFW-2.7.6\SUPPORT\MSVC100\RELEASESTATIC\TIME.OBJ
C:\PWNEE\PORT\CLOUDBERRY KINGDOM\GLFW-2.7.6\SUPPORT\MSVC100\RELEASESTATIC\WIN32_DLLMAIN.OBJ
C:\PWNEE\PORT\CLOUDBERRY KINGDOM\GLFW-2.7.6\SUPPORT\MSVC100\RELEASESTATIC\WIN32_ENABLE.OBJ
C:\PWNEE\PORT\CLOUDBERRY KINGDOM\GLFW-2.7.6\SUPPORT\MSVC100\RELEASESTATIC\WIN32_FULLSCREEN.OBJ
C:\PWNEE\PORT\CLOUDBERRY KINGDOM\GLFW-2.7.6\SUPPORT\MSVC100\RELEASESTATIC\WIN32_GLEXT.OBJ
C:\PWNEE\PORT\CLOUDBERRY KINGDOM\GLFW-2.7.6\SUPPORT\MSVC100\RELEASESTATIC\WIN32_INIT.OBJ
C:\PWNEE\PORT\CLOUDBERRY KINGDOM\GLFW-2.7.6\SUPPORT\MSVC100\RELEASESTATIC\WIN32_JOYSTICK.OBJ
C:\PWNEE\PORT\CLOUDBERRY KINGDOM\GLFW-2.7.6\SUPPORT\MSVC100\RELEASESTATIC\WIN32_THREAD.OBJ
C:\PWNEE\PORT\CLOUDBERRY KINGDOM\GLFW-2.7.6\SUPPORT\MSVC100\RELEASESTATIC\WIN32_TIME.OBJ
C:\PWNEE\PORT\CLOUDBERRY KINGDOM\GLFW-2.7.6\SUPPORT\MSVC100\RELEASESTATIC\WIN32_WINDOW.OBJ
C:\PWNEE\PORT\CLOUDBERRY KINGDOM\GLFW-2.7.6\SUPPORT\MSVC100\RELEASESTATIC\WINDOW.OBJ
