C:\PWNEE\PORT\CLOUDBERRY KINGDOM\GLFW-2.7.6\SUPPORT\MSVC100\DEBUG\GLFW.LIB
C:\Pwnee\Port\Cloudberry Kingdom\glfw-2.7.6\support\msvc100\DebugStatic\cl.command.1.tlog
C:\Pwnee\Port\Cloudberry Kingdom\glfw-2.7.6\support\msvc100\DebugStatic\CL.read.1.tlog
C:\Pwnee\Port\Cloudberry Kingdom\glfw-2.7.6\support\msvc100\DebugStatic\CL.write.1.tlog
C:\PWNEE\PORT\CLOUDBERRY KINGDOM\GLFW-2.7.6\SUPPORT\MSVC100\DEBUGSTATIC\ENABLE.OBJ
C:\PWNEE\PORT\CLOUDBERRY KINGDOM\GLFW-2.7.6\SUPPORT\MSVC100\DEBUGSTATIC\FULLSCREEN.OBJ
C:\PWNEE\PORT\CLOUDBERRY KINGDOM\GLFW-2.7.6\SUPPORT\MSVC100\DEBUGSTATIC\GLEXT.OBJ
C:\PWNEE\PORT\CLOUDBERRY KINGDOM\GLFW-2.7.6\SUPPORT\MSVC100\DEBUGSTATIC\IMAGE.OBJ
C:\PWNEE\PORT\CLOUDBERRY KINGDOM\GLFW-2.7.6\SUPPORT\MSVC100\DEBUGSTATIC\INIT.OBJ
C:\PWNEE\PORT\CLOUDBERRY KINGDOM\GLFW-2.7.6\SUPPORT\MSVC100\DEBUGSTATIC\INPUT.OBJ
C:\PWNEE\PORT\CLOUDBERRY KINGDOM\GLFW-2.7.6\SUPPORT\MSVC100\DEBUGSTATIC\JOYSTICK.OBJ
C:\Pwnee\Port\Cloudberry Kingdom\glfw-2.7.6\support\msvc100\DebugStatic\lib.command.1.tlog
C:\Pwnee\Port\Cloudberry Kingdom\glfw-2.7.6\support\msvc100\DebugStatic\Lib-link.read.1.tlog
C:\Pwnee\Port\Cloudberry Kingdom\glfw-2.7.6\support\msvc100\DebugStatic\Lib-link.write.1.tlog
C:\PWNEE\PORT\CLOUDBERRY KINGDOM\GLFW-2.7.6\SUPPORT\MSVC100\DEBUGSTATIC\STREAM.OBJ
C:\PWNEE\PORT\CLOUDBERRY KINGDOM\GLFW-2.7.6\SUPPORT\MSVC100\DEBUGSTATIC\TGA.OBJ
C:\PWNEE\PORT\CLOUDBERRY KINGDOM\GLFW-2.7.6\SUPPORT\MSVC100\DEBUGSTATIC\THREAD.OBJ
C:\PWNEE\PORT\CLOUDBERRY KINGDOM\GLFW-2.7.6\SUPPORT\MSVC100\DEBUGSTATIC\TIME.OBJ
C:\Pwnee\Port\Cloudberry Kingdom\glfw-2.7.6\support\msvc100\DebugStatic\vc100.idb
C:\PWNEE\PORT\CLOUDBERRY KINGDOM\GLFW-2.7.6\SUPPORT\MSVC100\DEBUGSTATIC\VC100.PDB
C:\PWNEE\PORT\CLOUDBERRY KINGDOM\GLFW-2.7.6\SUPPORT\MSVC100\DEBUGSTATIC\WIN32_DLLMAIN.OBJ
C:\PWNEE\PORT\CLOUDBERRY KINGDOM\GLFW-2.7.6\SUPPORT\MSVC100\DEBUGSTATIC\WIN32_ENABLE.OBJ
C:\PWNEE\PORT\CLOUDBERRY KINGDOM\GLFW-2.7.6\SUPPORT\MSVC100\DEBUGSTATIC\WIN32_FULLSCREEN.OBJ
C:\PWNEE\PORT\CLOUDBERRY KINGDOM\GLFW-2.7.6\SUPPORT\MSVC100\DEBUGSTATIC\WIN32_GLEXT.OBJ
C:\PWNEE\PORT\CLOUDBERRY KINGDOM\GLFW-2.7.6\SUPPORT\MSVC100\DEBUGSTATIC\WIN32_INIT.OBJ
C:\PWNEE\PORT\CLOUDBERRY KINGDOM\GLFW-2.7.6\SUPPORT\MSVC100\DEBUGSTATIC\WIN32_JOYSTICK.OBJ
C:\PWNEE\PORT\CLOUDBERRY KINGDOM\GLFW-2.7.6\SUPPORT\MSVC100\DEBUGSTATIC\WIN32_THREAD.OBJ
C:\PWNEE\PORT\CLOUDBERRY KINGDOM\GLFW-2.7.6\SUPPORT\MSVC100\DEBUGSTATIC\WIN32_TIME.OBJ
C:\PWNEE\PORT\CLOUDBERRY KINGDOM\GLFW-2.7.6\SUPPORT\MSVC100\DEBUGSTATIC\WIN32_WINDOW.OBJ
C:\PWNEE\PORT\CLOUDBERRY KINGDOM\GLFW-2.7.6\SUPPORT\MSVC100\DEBUGSTATIC\WINDOW.OBJ
